<?xml version="1.0" encoding="UTF-8"?>
<!-- Generated by org.testng.reporters.JUnitReportReporter -->
<testsuite hostname="Tanu" failures="0" tests="4" name="api.test.UserTest2" time="8.414" errors="0" timestamp="2024-08-17T23:45:22 IST" skipped="0">
  <testcase classname="api.test.UserTest2" name="testCreateUser" time="3.640"/>
  <testcase classname="api.test.UserTest2" name="testGetUser" time="1.201"/>
  <testcase classname="api.test.UserTest2" name="testUpdateUserByName" time="2.372"/>
  <testcase classname="api.test.UserTest2" name="testDeletUserByName" time="1.201"/>
</testsuite> <!-- api.test.UserTest2 -->
