<?xml version="1.0" encoding="UTF-8"?>
<!-- Generated by org.testng.reporters.JUnitReportReporter -->
<testsuite hostname="Tanu" failures="0" tests="6" name="api.test.DataDrivenTest" time="8.564" errors="0" timestamp="2024-08-17T13:16:53 IST" skipped="0">
  <testcase classname="api.test.DataDrivenTest" name="testCreateUser" time="1.120"/>
  <testcase classname="api.test.DataDrivenTest" name="testCreateUser" time="1.081"/>
  <testcase classname="api.test.DataDrivenTest" name="testCreateUser" time="2.788"/>
  <testcase classname="api.test.DataDrivenTest" name="testDeletUserByName" time="1.204"/>
  <testcase classname="api.test.DataDrivenTest" name="testDeletUserByName" time="1.139"/>
  <testcase classname="api.test.DataDrivenTest" name="testDeletUserByName" time="1.232"/>
</testsuite> <!-- api.test.DataDrivenTest -->
