<?xml version="1.0" encoding="UTF-8"?>
<!-- Generated by org.testng.reporters.JUnitReportReporter -->
<testsuite hostname="Tanu" failures="0" tests="4" name="api.test.UserTest" time="7.110" errors="0" timestamp="2024-08-17T18:36:27 IST" skipped="0">
  <testcase classname="api.test.UserTest" name="testCreateUser" time="2.464"/>
  <testcase classname="api.test.UserTest" name="testGetUser" time="1.101"/>
  <testcase classname="api.test.UserTest" name="testUpdateUserByName" time="2.344"/>
  <testcase classname="api.test.UserTest" name="testDeletUserByName" time="1.201"/>
</testsuite> <!-- api.test.UserTest -->
