<?xml version="1.0" encoding="UTF-8"?>
<!-- Generated by org.testng.reporters.JUnitReportReporter -->
<testsuite hostname="Tanu" failures="0" tests="4" name="api.test.UserTest2" time="7.123" errors="0" timestamp="2024-08-18T00:25:16 IST" skipped="0">
  <testcase classname="api.test.UserTest2" name="testCreateUser" time="2.500"/>
  <testcase classname="api.test.UserTest2" name="testGetUser" time="1.170"/>
  <testcase classname="api.test.UserTest2" name="testUpdateUserByName" time="2.346"/>
  <testcase classname="api.test.UserTest2" name="testDeletUserByName" time="1.107"/>
</testsuite> <!-- api.test.UserTest2 -->
